/home/neo/anaconda3/lib/python3.6/site-packages/sklearn/cross_validation.py:41: DeprecationWarning: This module was deprecated in version 0.18 in favor of the model_selection module into which all the refactored classes and functions are moved. Also note that the interface of the new CV iterators are different from that of this module. This module will be removed in 0.20.
  "This module will be removed in 0.20.", DeprecationWarning)
Loading file:  features_1024.pkl
Returning data
Training all other models
Now training:  LR
Doing k-fold
Doing cv
Appending result
Printing result
LR: 0.750328 (0.305331)
Now training:  LDA
Doing k-fold
Doing cv
/home/neo/anaconda3/lib/python3.6/site-packages/sklearn/discriminant_analysis.py:442: UserWarning: The priors do not sum to 1. Renormalizing
  UserWarning)
/home/neo/anaconda3/lib/python3.6/site-packages/sklearn/discriminant_analysis.py:442: UserWarning: The priors do not sum to 1. Renormalizing
  UserWarning)
/home/neo/anaconda3/lib/python3.6/site-packages/sklearn/discriminant_analysis.py:442: UserWarning: The priors do not sum to 1. Renormalizing
  UserWarning)
Appending result
Printing result
LDA: 0.726898 (0.293712)
Now training:  KNN
Doing k-fold
Doing cv
Appending result
Printing result
KNN: 0.456150 (0.194684)
Now training:  CART
Doing k-fold
Doing cv
Appending result
Printing result
CART: 0.726215 (0.246543)
Now training:  NB
Doing k-fold
Doing cv
Appending result
Printing result
NB: 0.620668 (0.208243)
