/home/neo/anaconda3/lib/python3.6/site-packages/sklearn/cross_validation.py:41: DeprecationWarning: This module was deprecated in version 0.18 in favor of the model_selection module into which all the refactored classes and functions are moved. Also note that the interface of the new CV iterators are different from that of this module. This module will be removed in 0.20.
  "This module will be removed in 0.20.", DeprecationWarning)
Loading file:  features_1024.pkl
Returning data
Training all other models
Now training:  LR
Doing k-fold
Doing cv
Appending result
Printing result
LR: 0.750328 (0.305331)
Now training:  LDA
Doing k-fold
Doing cv
Traceback (most recent call last):
  File "Classifier_compare_1024.py", line 94, in <module>
    cv_results = model_selection.cross_val_score(model, X, Y, cv=kfold, scoring=scoring)
  File "/home/neo/anaconda3/lib/python3.6/site-packages/sklearn/model_selection/_validation.py", line 342, in cross_val_score
    pre_dispatch=pre_dispatch)
  File "/home/neo/anaconda3/lib/python3.6/site-packages/sklearn/model_selection/_validation.py", line 206, in cross_validate
    for train, test in cv.split(X, y, groups))
  File "/home/neo/anaconda3/lib/python3.6/site-packages/sklearn/externals/joblib/parallel.py", line 779, in __call__
    while self.dispatch_one_batch(iterator):
  File "/home/neo/anaconda3/lib/python3.6/site-packages/sklearn/externals/joblib/parallel.py", line 625, in dispatch_one_batch
    self._dispatch(tasks)
  File "/home/neo/anaconda3/lib/python3.6/site-packages/sklearn/externals/joblib/parallel.py", line 588, in _dispatch
    job = self._backend.apply_async(batch, callback=cb)
  File "/home/neo/anaconda3/lib/python3.6/site-packages/sklearn/externals/joblib/_parallel_backends.py", line 111, in apply_async
    result = ImmediateResult(func)
  File "/home/neo/anaconda3/lib/python3.6/site-packages/sklearn/externals/joblib/_parallel_backends.py", line 332, in __init__
    self.results = batch()
  File "/home/neo/anaconda3/lib/python3.6/site-packages/sklearn/externals/joblib/parallel.py", line 131, in __call__
    return [func(*args, **kwargs) for func, args, kwargs in self.items]
  File "/home/neo/anaconda3/lib/python3.6/site-packages/sklearn/externals/joblib/parallel.py", line 131, in <listcomp>
    return [func(*args, **kwargs) for func, args, kwargs in self.items]
  File "/home/neo/anaconda3/lib/python3.6/site-packages/sklearn/model_selection/_validation.py", line 448, in _fit_and_score
    X_train, y_train = _safe_split(estimator, X, y, train)
  File "/home/neo/anaconda3/lib/python3.6/site-packages/sklearn/utils/metaestimators.py", line 200, in _safe_split
    X_subset = safe_indexing(X, indices)
  File "/home/neo/anaconda3/lib/python3.6/site-packages/sklearn/utils/__init__.py", line 160, in safe_indexing
    return X.take(indices, axis=0)
KeyboardInterrupt
